2024-10-08T08:31:07.193+07:00  INFO 4368 --- [main] ru.otus.hw.Application                   : Starting Application using Java 17.0.12 with PID 4368 (D:\Programming\ideaProjects\otusProjects\2024-05-otus-spring-alimov\hw15\target\classes started by art in D:\Programming\ideaProjects\otusProjects\2024-05-otus-spring-alimov\hw15)
2024-10-08T08:31:07.201+07:00  INFO 4368 --- [main] ru.otus.hw.Application                   : No active profile set, falling back to 1 default profile: "default"
2024-10-08T08:31:07.892+07:00  INFO 4368 --- [main] .s.d.r.c.RepositoryConfigurationDelegate : Bootstrapping Spring Data JPA repositories in DEFAULT mode.
2024-10-08T08:31:07.937+07:00  INFO 4368 --- [main] .s.d.r.c.RepositoryConfigurationDelegate : Finished Spring Data repository scanning in 40 ms. Found 3 JPA repository interfaces.
2024-10-08T08:31:08.279+07:00  INFO 4368 --- [main] o.s.b.w.embedded.tomcat.TomcatWebServer  : Tomcat initialized with port(s): 8080 (http)
2024-10-08T08:31:08.284+07:00  INFO 4368 --- [main] o.apache.catalina.core.StandardService   : Starting service [Tomcat]
2024-10-08T08:31:08.284+07:00  INFO 4368 --- [main] o.apache.catalina.core.StandardEngine    : Starting Servlet engine: [Apache Tomcat/10.1.15]
2024-10-08T08:31:08.345+07:00  INFO 4368 --- [main] o.a.c.c.C.[Tomcat].[localhost].[/]       : Initializing Spring embedded WebApplicationContext
2024-10-08T08:31:08.345+07:00  INFO 4368 --- [main] w.s.c.ServletWebServerApplicationContext : Root WebApplicationContext: initialization completed in 1113 ms
2024-10-08T08:31:08.476+07:00  INFO 4368 --- [main] com.zaxxer.hikari.HikariDataSource       : HikariPool-1 - Starting...
2024-10-08T08:31:08.602+07:00  INFO 4368 --- [main] com.zaxxer.hikari.pool.HikariPool        : HikariPool-1 - Added connection conn0: url=jdbc:h2:mem:maindb user=SA
2024-10-08T08:31:08.603+07:00  INFO 4368 --- [main] com.zaxxer.hikari.HikariDataSource       : HikariPool-1 - Start completed.
2024-10-08T08:31:08.646+07:00  INFO 4368 --- [main] liquibase.database                       : Set default schema name to PUBLIC
2024-10-08T08:31:08.836+07:00  INFO 4368 --- [main] liquibase.changelog                      : Creating database history table with name: PUBLIC.DATABASECHANGELOG
2024-10-08T08:31:08.890+07:00  INFO 4368 --- [main] liquibase.changelog                      : Reading from PUBLIC.DATABASECHANGELOG
2024-10-08T08:31:08.913+07:00  INFO 4368 --- [main] liquibase.lockservice                    : Successfully acquired change log lock
2024-10-08T08:31:08.914+07:00  INFO 4368 --- [main] liquibase.command                        : Using deploymentId: 8351068914
2024-10-08T08:31:08.915+07:00  INFO 4368 --- [main] liquibase.changelog                      : Reading from PUBLIC.DATABASECHANGELOG
2024-10-08T08:31:08.924+07:00  INFO 4368 --- [main] liquibase.ui                             : Running Changeset: db/changelog/init/schema.sql::create_table_authors::alimovae
2024-10-08T08:31:08.934+07:00  INFO 4368 --- [main] liquibase.changelog                      : Custom SQL executed
2024-10-08T08:31:08.934+07:00  INFO 4368 --- [main] liquibase.changelog                      : ChangeSet db/changelog/init/schema.sql::create_table_authors::alimovae ran successfully in 9ms
2024-10-08T08:31:08.938+07:00  INFO 4368 --- [main] liquibase.ui                             : Running Changeset: db/changelog/init/schema.sql::create_table_genres::alimovae
2024-10-08T08:31:08.940+07:00  INFO 4368 --- [main] liquibase.changelog                      : Custom SQL executed
2024-10-08T08:31:08.940+07:00  INFO 4368 --- [main] liquibase.changelog                      : ChangeSet db/changelog/init/schema.sql::create_table_genres::alimovae ran successfully in 2ms
2024-10-08T08:31:08.941+07:00  INFO 4368 --- [main] liquibase.ui                             : Running Changeset: db/changelog/init/schema.sql::create_table_books::alimovae
2024-10-08T08:31:08.945+07:00  INFO 4368 --- [main] liquibase.changelog                      : Custom SQL executed
2024-10-08T08:31:08.946+07:00  INFO 4368 --- [main] liquibase.changelog                      : ChangeSet db/changelog/init/schema.sql::create_table_books::alimovae ran successfully in 5ms
2024-10-08T08:31:08.948+07:00  INFO 4368 --- [main] liquibase.ui                             : Running Changeset: db/changelog/init/data.sql::insert_data_table_authors::alimovae
2024-10-08T08:31:08.950+07:00  INFO 4368 --- [main] liquibase.changelog                      : Custom SQL executed
2024-10-08T08:31:08.950+07:00  INFO 4368 --- [main] liquibase.changelog                      : ChangeSet db/changelog/init/data.sql::insert_data_table_authors::alimovae ran successfully in 2ms
2024-10-08T08:31:08.951+07:00  INFO 4368 --- [main] liquibase.ui                             : Running Changeset: db/changelog/init/data.sql::insert_data_table_genres::alimovae
2024-10-08T08:31:08.953+07:00  INFO 4368 --- [main] liquibase.changelog                      : Custom SQL executed
2024-10-08T08:31:08.954+07:00  INFO 4368 --- [main] liquibase.changelog                      : ChangeSet db/changelog/init/data.sql::insert_data_table_genres::alimovae ran successfully in 3ms
2024-10-08T08:31:08.955+07:00  INFO 4368 --- [main] liquibase.ui                             : Running Changeset: db/changelog/init/data.sql::insert_data_table_books::alimovae
2024-10-08T08:31:08.957+07:00  INFO 4368 --- [main] liquibase.changelog                      : Custom SQL executed
2024-10-08T08:31:08.957+07:00  INFO 4368 --- [main] liquibase.changelog                      : ChangeSet db/changelog/init/data.sql::insert_data_table_books::alimovae ran successfully in 2ms
2024-10-08T08:31:08.964+07:00  INFO 4368 --- [main] liquibase.util                           : UPDATE SUMMARY
2024-10-08T08:31:08.964+07:00  INFO 4368 --- [main] liquibase.util                           : Run:                          6
2024-10-08T08:31:08.964+07:00  INFO 4368 --- [main] liquibase.util                           : Previously run:               0
2024-10-08T08:31:08.965+07:00  INFO 4368 --- [main] liquibase.util                           : Filtered out:                 0
2024-10-08T08:31:08.965+07:00  INFO 4368 --- [main] liquibase.util                           : -------------------------------
2024-10-08T08:31:08.965+07:00  INFO 4368 --- [main] liquibase.util                           : Total change sets:            6
2024-10-08T08:31:08.965+07:00  INFO 4368 --- [main] liquibase.util                           : Update summary generated
2024-10-08T08:31:08.967+07:00  INFO 4368 --- [main] liquibase.command                        : Update command completed successfully.
2024-10-08T08:31:08.968+07:00  INFO 4368 --- [main] liquibase.ui                             : Liquibase: Update has been successful. Rows affected: 17
2024-10-08T08:31:08.969+07:00  INFO 4368 --- [main] liquibase.lockservice                    : Successfully released change log lock
2024-10-08T08:31:08.970+07:00  INFO 4368 --- [main] liquibase.command                        : Command execution complete
2024-10-08T08:31:09.012+07:00  INFO 4368 --- [main] o.hibernate.jpa.internal.util.LogHelper  : HHH000204: Processing PersistenceUnitInfo [name: default]
2024-10-08T08:31:09.050+07:00  INFO 4368 --- [main] org.hibernate.Version                    : HHH000412: Hibernate ORM core version 6.2.13.Final
2024-10-08T08:31:09.051+07:00  INFO 4368 --- [main] org.hibernate.cfg.Environment            : HHH000406: Using bytecode reflection optimizer
2024-10-08T08:31:09.232+07:00  INFO 4368 --- [main] o.s.o.j.p.SpringPersistenceUnitInfo      : No LoadTimeWeaver setup: ignoring JPA class transformer
2024-10-08T08:31:09.836+07:00  INFO 4368 --- [main] o.h.e.t.j.p.i.JtaPlatformInitiator       : HHH000489: No JTA platform available (set 'hibernate.transaction.jta.platform' to enable JTA platform integration)
2024-10-08T08:31:09.838+07:00  INFO 4368 --- [main] j.LocalContainerEntityManagerFactoryBean : Initialized JPA EntityManagerFactory for persistence unit 'default'
2024-10-08T08:31:10.525+07:00  INFO 4368 --- [main] o.s.b.a.e.web.EndpointLinksResolver      : Exposing 3 endpoint(s) beneath base path '/actuator'
2024-10-08T08:31:10.576+07:00  INFO 4368 --- [main] o.s.b.w.embedded.tomcat.TomcatWebServer  : Tomcat started on port(s): 8080 (http) with context path ''
2024-10-08T08:31:10.585+07:00  INFO 4368 --- [main] ru.otus.hw.Application                   : Started Application in 3.682 seconds (process running for 4.199)
2024-10-08T08:31:10.701+07:00  INFO 4368 --- [RMI TCP Connection(2)-172.22.31.243] o.a.c.c.C.[Tomcat].[localhost].[/]       : Initializing Spring DispatcherServlet 'dispatcherServlet'
2024-10-08T08:31:10.701+07:00  INFO 4368 --- [RMI TCP Connection(2)-172.22.31.243] o.s.web.servlet.DispatcherServlet        : Initializing Servlet 'dispatcherServlet'
2024-10-08T08:31:10.702+07:00  INFO 4368 --- [RMI TCP Connection(2)-172.22.31.243] o.s.web.servlet.DispatcherServlet        : Completed initialization in 1 ms
2024-10-08T08:31:32.407+07:00  INFO 4368 --- [SpringApplicationShutdownHook] j.LocalContainerEntityManagerFactoryBean : Closing JPA EntityManagerFactory for persistence unit 'default'
2024-10-08T08:31:32.408+07:00  INFO 4368 --- [SpringApplicationShutdownHook] com.zaxxer.hikari.HikariDataSource       : HikariPool-1 - Shutdown initiated...
2024-10-08T08:31:32.409+07:00  INFO 4368 --- [SpringApplicationShutdownHook] com.zaxxer.hikari.HikariDataSource       : HikariPool-1 - Shutdown completed.
2024-10-08T08:34:56.433+07:00  INFO 2516 --- [main] ru.otus.hw.Application                   : Starting Application using Java 17.0.12 with PID 2516 (D:\Programming\ideaProjects\otusProjects\2024-05-otus-spring-alimov\hw15\target\classes started by art in D:\Programming\ideaProjects\otusProjects\2024-05-otus-spring-alimov\hw15)
2024-10-08T08:34:56.435+07:00  INFO 2516 --- [main] ru.otus.hw.Application                   : No active profile set, falling back to 1 default profile: "default"
2024-10-08T08:34:57.032+07:00  INFO 2516 --- [main] .s.d.r.c.RepositoryConfigurationDelegate : Bootstrapping Spring Data JPA repositories in DEFAULT mode.
2024-10-08T08:34:57.071+07:00  INFO 2516 --- [main] .s.d.r.c.RepositoryConfigurationDelegate : Finished Spring Data repository scanning in 32 ms. Found 3 JPA repository interfaces.
2024-10-08T08:34:57.417+07:00  INFO 2516 --- [main] o.s.b.w.embedded.tomcat.TomcatWebServer  : Tomcat initialized with port(s): 8080 (http)
2024-10-08T08:34:57.424+07:00  INFO 2516 --- [main] o.apache.catalina.core.StandardService   : Starting service [Tomcat]
2024-10-08T08:34:57.424+07:00  INFO 2516 --- [main] o.apache.catalina.core.StandardEngine    : Starting Servlet engine: [Apache Tomcat/10.1.15]
2024-10-08T08:34:57.482+07:00  INFO 2516 --- [main] o.a.c.c.C.[Tomcat].[localhost].[/]       : Initializing Spring embedded WebApplicationContext
2024-10-08T08:34:57.483+07:00  INFO 2516 --- [main] w.s.c.ServletWebServerApplicationContext : Root WebApplicationContext: initialization completed in 1021 ms
2024-10-08T08:34:57.633+07:00  INFO 2516 --- [main] com.zaxxer.hikari.HikariDataSource       : HikariPool-1 - Starting...
2024-10-08T08:34:57.788+07:00  INFO 2516 --- [main] com.zaxxer.hikari.pool.HikariPool        : HikariPool-1 - Added connection conn0: url=jdbc:h2:mem:maindb user=SA
2024-10-08T08:34:57.789+07:00  INFO 2516 --- [main] com.zaxxer.hikari.HikariDataSource       : HikariPool-1 - Start completed.
2024-10-08T08:34:57.831+07:00  INFO 2516 --- [main] liquibase.database                       : Set default schema name to PUBLIC
2024-10-08T08:34:58.008+07:00  INFO 2516 --- [main] liquibase.changelog                      : Creating database history table with name: PUBLIC.DATABASECHANGELOG
2024-10-08T08:34:58.061+07:00  INFO 2516 --- [main] liquibase.changelog                      : Reading from PUBLIC.DATABASECHANGELOG
2024-10-08T08:34:58.086+07:00  INFO 2516 --- [main] liquibase.lockservice                    : Successfully acquired change log lock
2024-10-08T08:34:58.087+07:00  INFO 2516 --- [main] liquibase.command                        : Using deploymentId: 8351298086
2024-10-08T08:34:58.087+07:00  INFO 2516 --- [main] liquibase.changelog                      : Reading from PUBLIC.DATABASECHANGELOG
2024-10-08T08:34:58.094+07:00  INFO 2516 --- [main] liquibase.ui                             : Running Changeset: db/changelog/init/schema.sql::create_table_authors::alimovae
2024-10-08T08:34:58.104+07:00  INFO 2516 --- [main] liquibase.changelog                      : Custom SQL executed
2024-10-08T08:34:58.104+07:00  INFO 2516 --- [main] liquibase.changelog                      : ChangeSet db/changelog/init/schema.sql::create_table_authors::alimovae ran successfully in 9ms
2024-10-08T08:34:58.108+07:00  INFO 2516 --- [main] liquibase.ui                             : Running Changeset: db/changelog/init/schema.sql::create_table_genres::alimovae
2024-10-08T08:34:58.110+07:00  INFO 2516 --- [main] liquibase.changelog                      : Custom SQL executed
2024-10-08T08:34:58.110+07:00  INFO 2516 --- [main] liquibase.changelog                      : ChangeSet db/changelog/init/schema.sql::create_table_genres::alimovae ran successfully in 1ms
2024-10-08T08:34:58.111+07:00  INFO 2516 --- [main] liquibase.ui                             : Running Changeset: db/changelog/init/schema.sql::create_table_books::alimovae
2024-10-08T08:34:58.116+07:00  INFO 2516 --- [main] liquibase.changelog                      : Custom SQL executed
2024-10-08T08:34:58.116+07:00  INFO 2516 --- [main] liquibase.changelog                      : ChangeSet db/changelog/init/schema.sql::create_table_books::alimovae ran successfully in 5ms
2024-10-08T08:34:58.117+07:00  INFO 2516 --- [main] liquibase.ui                             : Running Changeset: db/changelog/init/data.sql::insert_data_table_authors::alimovae
2024-10-08T08:34:58.119+07:00  INFO 2516 --- [main] liquibase.changelog                      : Custom SQL executed
2024-10-08T08:34:58.120+07:00  INFO 2516 --- [main] liquibase.changelog                      : ChangeSet db/changelog/init/data.sql::insert_data_table_authors::alimovae ran successfully in 2ms
2024-10-08T08:34:58.121+07:00  INFO 2516 --- [main] liquibase.ui                             : Running Changeset: db/changelog/init/data.sql::insert_data_table_genres::alimovae
2024-10-08T08:34:58.123+07:00  INFO 2516 --- [main] liquibase.changelog                      : Custom SQL executed
2024-10-08T08:34:58.123+07:00  INFO 2516 --- [main] liquibase.changelog                      : ChangeSet db/changelog/init/data.sql::insert_data_table_genres::alimovae ran successfully in 2ms
2024-10-08T08:34:58.124+07:00  INFO 2516 --- [main] liquibase.ui                             : Running Changeset: db/changelog/init/data.sql::insert_data_table_books::alimovae
2024-10-08T08:34:58.126+07:00  INFO 2516 --- [main] liquibase.changelog                      : Custom SQL executed
2024-10-08T08:34:58.127+07:00  INFO 2516 --- [main] liquibase.changelog                      : ChangeSet db/changelog/init/data.sql::insert_data_table_books::alimovae ran successfully in 2ms
2024-10-08T08:34:58.132+07:00  INFO 2516 --- [main] liquibase.util                           : UPDATE SUMMARY
2024-10-08T08:34:58.132+07:00  INFO 2516 --- [main] liquibase.util                           : Run:                          6
2024-10-08T08:34:58.132+07:00  INFO 2516 --- [main] liquibase.util                           : Previously run:               0
2024-10-08T08:34:58.132+07:00  INFO 2516 --- [main] liquibase.util                           : Filtered out:                 0
2024-10-08T08:34:58.132+07:00  INFO 2516 --- [main] liquibase.util                           : -------------------------------
2024-10-08T08:34:58.132+07:00  INFO 2516 --- [main] liquibase.util                           : Total change sets:            6
2024-10-08T08:34:58.133+07:00  INFO 2516 --- [main] liquibase.util                           : Update summary generated
2024-10-08T08:34:58.135+07:00  INFO 2516 --- [main] liquibase.command                        : Update command completed successfully.
2024-10-08T08:34:58.135+07:00  INFO 2516 --- [main] liquibase.ui                             : Liquibase: Update has been successful. Rows affected: 17
2024-10-08T08:34:58.136+07:00  INFO 2516 --- [main] liquibase.lockservice                    : Successfully released change log lock
2024-10-08T08:34:58.137+07:00  INFO 2516 --- [main] liquibase.command                        : Command execution complete
2024-10-08T08:34:58.185+07:00  INFO 2516 --- [main] o.hibernate.jpa.internal.util.LogHelper  : HHH000204: Processing PersistenceUnitInfo [name: default]
2024-10-08T08:34:58.246+07:00  INFO 2516 --- [main] org.hibernate.Version                    : HHH000412: Hibernate ORM core version 6.2.13.Final
2024-10-08T08:34:58.248+07:00  INFO 2516 --- [main] org.hibernate.cfg.Environment            : HHH000406: Using bytecode reflection optimizer
2024-10-08T08:34:58.429+07:00  INFO 2516 --- [main] o.s.o.j.p.SpringPersistenceUnitInfo      : No LoadTimeWeaver setup: ignoring JPA class transformer
2024-10-08T08:34:59.044+07:00  INFO 2516 --- [main] o.h.e.t.j.p.i.JtaPlatformInitiator       : HHH000489: No JTA platform available (set 'hibernate.transaction.jta.platform' to enable JTA platform integration)
2024-10-08T08:34:59.046+07:00  INFO 2516 --- [main] j.LocalContainerEntityManagerFactoryBean : Initialized JPA EntityManagerFactory for persistence unit 'default'
2024-10-08T08:34:59.846+07:00  INFO 2516 --- [main] o.s.b.a.e.web.EndpointLinksResolver      : Exposing 4 endpoint(s) beneath base path '/actuator'
2024-10-08T08:34:59.921+07:00  INFO 2516 --- [main] o.s.b.w.embedded.tomcat.TomcatWebServer  : Tomcat started on port(s): 8080 (http) with context path ''
2024-10-08T08:34:59.931+07:00  INFO 2516 --- [main] ru.otus.hw.Application                   : Started Application in 3.789 seconds (process running for 4.168)
2024-10-08T08:35:00.473+07:00  INFO 2516 --- [RMI TCP Connection(2)-172.22.31.243] o.a.c.c.C.[Tomcat].[localhost].[/]       : Initializing Spring DispatcherServlet 'dispatcherServlet'
2024-10-08T08:35:00.473+07:00  INFO 2516 --- [RMI TCP Connection(2)-172.22.31.243] o.s.web.servlet.DispatcherServlet        : Initializing Servlet 'dispatcherServlet'
2024-10-08T08:35:00.474+07:00  INFO 2516 --- [RMI TCP Connection(2)-172.22.31.243] o.s.web.servlet.DispatcherServlet        : Completed initialization in 1 ms
2024-10-08T08:36:48.090+07:00  INFO 2516 --- [SpringApplicationShutdownHook] j.LocalContainerEntityManagerFactoryBean : Closing JPA EntityManagerFactory for persistence unit 'default'
2024-10-08T08:36:48.091+07:00  INFO 2516 --- [SpringApplicationShutdownHook] com.zaxxer.hikari.HikariDataSource       : HikariPool-1 - Shutdown initiated...
2024-10-08T08:36:48.092+07:00  INFO 2516 --- [SpringApplicationShutdownHook] com.zaxxer.hikari.HikariDataSource       : HikariPool-1 - Shutdown completed.
