1726758453356:aa
1726758456985:ab
1726758461581:aaj
1726758465804:sm-jo
1726758468099:aaj
1726758470302:exit
1726763313593:aa
1726763316367:ab
1726763319255:aaj
1726763322705:abj
1726763329191:sm-jo
1726763898604:aaj
1726763904776:abj
1726763936981:sm-jl
1726763940640:aaj
1726763943422:abj
1726763950097:exit
1726765795532:sm-jo
1726765799221:abj
1726765809472:exit
1727060690679:sm-jo
1727060952213:sm-jl
1727060958094:exit
1727063171176:sm-jo
1727063179865:exit
1727063205187:sm-jo
1727063207735:exit
1727331445322:sm-jo
1727331978713:exit
1727334410321:sm-jo
1727334412930:exit
1727334484293:sm-jo
1727334624548:exit
1727340343767:sm-jo
1727340537032:exit
